<?xml version="1.0" encoding="UTF-8"?>
<!-- Generated by org.testng.reporters.JUnitXMLReporter -->
<testsuite ignored="0" hostname="WKWZTz7OMn2x79I" failures="0" tests="12" name="Test" time="25.711" errors="0" timestamp="2022-11-22T19:06:24 IST">
  <testcase classname="Day3.SmokeTest" name="Url" time="0.013"/>
  <testcase classname="Day3.MyFirstTestNgTest3" name="login" time="0.003"/>
  <testcase classname="Day3.MyFirstTestNgTest3" name="logoutOnMethods" time="0.001"/>
  <testcase classname="Day3.MyFirstTestNG" name="login" time="0.002"/>
  <testcase classname="Day3.MyFirstTestNG" name="createAccount" time="0.002"/>
  <testcase classname="Day3.MyFirstTestNG" name="deleteAccount" time="0.002"/>
  <testcase classname="Day3.MyFirstTestNG" name="logout" time="0.002"/>
  <testcase classname="Day3.LoginTest" name="Invalidpassuser" time="1.633"/>
  <testcase classname="Day3.NewUser" name="createuser" time="6.302"/>
  <testcase classname="Day3.LoginTest" name="invalidpass" time="1.581"/>
  <testcase classname="Day3.LoginTest" name="invaliduser" time="0.766"/>
  <testcase classname="Day3.LoginTest" name="validuserpass" time="3.739"/>
</testsuite> <!-- Test -->
