<?xml version="1.0" encoding="UTF-8"?>
<testng-results ignored="0" total="1" passed="1" failed="0" skipped="0">
  <reporter-output>
  </reporter-output>
  <suite started-at="2022-11-24T15:29:05 IST" name="Default suite" finished-at="2022-11-24T15:29:11 IST" duration-ms="6095">
    <groups>
    </groups>
    <test started-at="2022-11-24T15:29:05 IST" name="Default test" finished-at="2022-11-24T15:29:11 IST" duration-ms="6095">
      <class name="day5.FileDownload">
        <test-method signature="fileDownload()[pri:0, instance:day5.FileDownload@581ac8a8]" started-at="2022-11-24T15:29:05 IST" name="fileDownload" finished-at="2022-11-24T15:29:11 IST" duration-ms="6044" status="PASS">
          <reporter-output>
          </reporter-output>
        </test-method> <!-- fileDownload -->
      </class> <!-- day5.FileDownload -->
    </test> <!-- Default test -->
  </suite> <!-- Default suite -->
</testng-results>
